<?xml version="1.0" encoding="UTF-8"?>
<testsuite name="com.isagiongo.apirestkotlin.services.FuncionarioServiceTest" tests="1" skipped="0" failures="1" errors="0" timestamp="2019-05-25T23:06:02" hostname="isa-Lenovo-G50-80" time="0.569">
  <properties/>
  <testcase name="deveBuscarFuncionarioPorId" classname="com.isagiongo.apirestkotlin.services.FuncionarioServiceTest" time="0.569">
    <failure message="java.lang.AssertionError" type="java.lang.AssertionError">java.lang.AssertionError
	at org.junit.Assert.fail(Assert.java:86)
	at org.junit.Assert.assertTrue(Assert.java:41)
	at org.junit.Assert.assertNotNull(Assert.java:712)
	at org.junit.Assert.assertNotNull(Assert.java:722)
	at com.isagiongo.apirestkotlin.services.FuncionarioServiceTest.deveBuscarFuncionarioPorId(FuncionarioServiceTest.kt:64)
	at sun.reflect.NativeMethodAccessorImpl.invoke0(Native Method)
	at sun.reflect.NativeMethodAccessorImpl.invoke(NativeMethodAccessorImpl.java:62)
	at sun.reflect.DelegatingMethodAccessorImpl.invoke(DelegatingMethodAccessorImpl.java:43)
	at java.lang.reflect.Method.invoke(Method.java:498)
	at org.junit.runners.model.FrameworkMethod$1.runReflectiveCall(FrameworkMethod.java:50)
	at org.junit.internal.runners.model.ReflectiveCallable.run(ReflectiveCallable.java:12)
	at org.junit.runners.model.FrameworkMethod.invokeExplosively(FrameworkMethod.java:47)
	at org.junit.internal.runners.statements.InvokeMethod.evaluate(InvokeMethod.java:17)
	at org.springframework.test.context.junit4.statements.RunBeforeTestExecutionCallbacks.evaluate(RunBeforeTestExecutionCallbacks.java:74)
	at org.springframework.test.context.junit4.statements.RunAfterTestExecutionCallbacks.evaluate(RunAfterTestExecutionCallbacks.java:84)
	at org.junit.internal.runners.statements.RunBefores.evaluate(RunBefores.java:26)
	at org.springframework.test.context.junit4.statements.RunBeforeTestMethodCallbacks.evaluate(RunBeforeTestMethodCallbacks.java:75)
	at org.springframework.test.context.junit4.statements.RunAfterTestMethodCallbacks.evaluate(RunAfterTestMethodCallbacks.java:86)
	at org.springframework.test.context.junit4.statements.SpringRepeat.evaluate(SpringRepeat.java:84)
	at org.junit.runners.ParentRunner.runLeaf(ParentRunner.java:325)
	at org.springframework.test.context.junit4.SpringJUnit4ClassRunner.runChild(SpringJUnit4ClassRunner.java:251)
	at org.springframework.test.context.junit4.SpringJUnit4ClassRunner.runChild(SpringJUnit4ClassRunner.java:97)
	at org.junit.runners.ParentRunner$3.run(ParentRunner.java:290)
	at org.junit.runners.ParentRunner$1.schedule(ParentRunner.java:71)
	at org.junit.runners.ParentRunner.runChildren(ParentRunner.java:288)
	at org.junit.runners.ParentRunner.access$000(ParentRunner.java:58)
	at org.junit.runners.ParentRunner$2.evaluate(ParentRunner.java:268)
	at org.springframework.test.context.junit4.statements.RunBeforeTestClassCallbacks.evaluate(RunBeforeTestClassCallbacks.java:61)
	at org.springframework.test.context.junit4.statements.RunAfterTestClassCallbacks.evaluate(RunAfterTestClassCallbacks.java:70)
	at org.junit.runners.ParentRunner.run(ParentRunner.java:363)
	at org.springframework.test.context.junit4.SpringJUnit4ClassRunner.run(SpringJUnit4ClassRunner.java:190)
	at org.gradle.api.internal.tasks.testing.junit.JUnitTestClassExecutor.runTestClass(JUnitTestClassExecutor.java:110)
	at org.gradle.api.internal.tasks.testing.junit.JUnitTestClassExecutor.execute(JUnitTestClassExecutor.java:58)
	at org.gradle.api.internal.tasks.testing.junit.JUnitTestClassExecutor.execute(JUnitTestClassExecutor.java:38)
	at org.gradle.api.internal.tasks.testing.junit.AbstractJUnitTestClassProcessor.processTestClass(AbstractJUnitTestClassProcessor.java:62)
	at org.gradle.api.internal.tasks.testing.SuiteTestClassProcessor.processTestClass(SuiteTestClassProcessor.java:51)
	at sun.reflect.NativeMethodAccessorImpl.invoke0(Native Method)
	at sun.reflect.NativeMethodAccessorImpl.invoke(NativeMethodAccessorImpl.java:62)
	at sun.reflect.DelegatingMethodAccessorImpl.invoke(DelegatingMethodAccessorImpl.java:43)
	at java.lang.reflect.Method.invoke(Method.java:498)
	at org.gradle.internal.dispatch.ReflectionDispatch.dispatch(ReflectionDispatch.java:35)
	at org.gradle.internal.dispatch.ReflectionDispatch.dispatch(ReflectionDispatch.java:24)
	at org.gradle.internal.dispatch.ContextClassLoaderDispatch.dispatch(ContextClassLoaderDispatch.java:32)
	at org.gradle.internal.dispatch.ProxyDispatchAdapter$DispatchingInvocationHandler.invoke(ProxyDispatchAdapter.java:93)
	at com.sun.proxy.$Proxy2.processTestClass(Unknown Source)
	at org.gradle.api.internal.tasks.testing.worker.TestWorker.processTestClass(TestWorker.java:118)
	at sun.reflect.NativeMethodAccessorImpl.invoke0(Native Method)
	at sun.reflect.NativeMethodAccessorImpl.invoke(NativeMethodAccessorImpl.java:62)
	at sun.reflect.DelegatingMethodAccessorImpl.invoke(DelegatingMethodAccessorImpl.java:43)
	at java.lang.reflect.Method.invoke(Method.java:498)
	at org.gradle.internal.dispatch.ReflectionDispatch.dispatch(ReflectionDispatch.java:35)
	at org.gradle.internal.dispatch.ReflectionDispatch.dispatch(ReflectionDispatch.java:24)
	at org.gradle.internal.remote.internal.hub.MessageHubBackedObjectConnection$DispatchWrapper.dispatch(MessageHubBackedObjectConnection.java:175)
	at org.gradle.internal.remote.internal.hub.MessageHubBackedObjectConnection$DispatchWrapper.dispatch(MessageHubBackedObjectConnection.java:157)
	at org.gradle.internal.remote.internal.hub.MessageHub$Handler.run(MessageHub.java:404)
	at org.gradle.internal.concurrent.ExecutorPolicy$CatchAndRecordFailures.onExecute(ExecutorPolicy.java:63)
	at org.gradle.internal.concurrent.ManagedExecutorImpl$1.run(ManagedExecutorImpl.java:46)
	at java.util.concurrent.ThreadPoolExecutor.runWorker(ThreadPoolExecutor.java:1149)
	at java.util.concurrent.ThreadPoolExecutor$Worker.run(ThreadPoolExecutor.java:624)
	at org.gradle.internal.concurrent.ThreadFactoryImpl$ManagedThreadRunnable.run(ThreadFactoryImpl.java:55)
	at java.lang.Thread.run(Thread.java:748)
</failure>
  </testcase>
  <system-out><![CDATA[20:05:55.459 [Test worker] DEBUG org.springframework.test.context.junit4.SpringJUnit4ClassRunner - SpringJUnit4ClassRunner constructor called with [class com.isagiongo.apirestkotlin.services.FuncionarioServiceTest]
20:05:55.468 [Test worker] DEBUG org.springframework.test.context.BootstrapUtils - Instantiating CacheAwareContextLoaderDelegate from class [org.springframework.test.context.cache.DefaultCacheAwareContextLoaderDelegate]
20:05:55.476 [Test worker] DEBUG org.springframework.test.context.BootstrapUtils - Instantiating BootstrapContext using constructor [public org.springframework.test.context.support.DefaultBootstrapContext(java.lang.Class,org.springframework.test.context.CacheAwareContextLoaderDelegate)]
20:05:55.510 [Test worker] DEBUG org.springframework.test.context.BootstrapUtils - Instantiating TestContextBootstrapper for test class [com.isagiongo.apirestkotlin.services.FuncionarioServiceTest] from class [org.springframework.boot.test.context.SpringBootTestContextBootstrapper]
20:05:55.525 [Test worker] INFO org.springframework.boot.test.context.SpringBootTestContextBootstrapper - Neither @ContextConfiguration nor @ContextHierarchy found for test class [com.isagiongo.apirestkotlin.services.FuncionarioServiceTest], using SpringBootContextLoader
20:05:55.528 [Test worker] DEBUG org.springframework.test.context.support.AbstractContextLoader - Did not detect default resource location for test class [com.isagiongo.apirestkotlin.services.FuncionarioServiceTest]: class path resource [com/isagiongo/apirestkotlin/services/FuncionarioServiceTest-context.xml] does not exist
20:05:55.529 [Test worker] DEBUG org.springframework.test.context.support.AbstractContextLoader - Did not detect default resource location for test class [com.isagiongo.apirestkotlin.services.FuncionarioServiceTest]: class path resource [com/isagiongo/apirestkotlin/services/FuncionarioServiceTestContext.groovy] does not exist
20:05:55.530 [Test worker] INFO org.springframework.test.context.support.AbstractContextLoader - Could not detect default resource locations for test class [com.isagiongo.apirestkotlin.services.FuncionarioServiceTest]: no resource found for suffixes {-context.xml, Context.groovy}.
20:05:55.531 [Test worker] INFO org.springframework.test.context.support.AnnotationConfigContextLoaderUtils - Could not detect default configuration classes for test class [com.isagiongo.apirestkotlin.services.FuncionarioServiceTest]: FuncionarioServiceTest does not declare any static, non-private, non-final, nested classes annotated with @Configuration.
20:05:55.598 [Test worker] DEBUG org.springframework.test.context.support.ActiveProfilesUtils - Could not find an 'annotation declaring class' for annotation type [org.springframework.test.context.ActiveProfiles] and class [com.isagiongo.apirestkotlin.services.FuncionarioServiceTest]
20:05:55.709 [Test worker] DEBUG org.springframework.context.annotation.ClassPathScanningCandidateComponentProvider - Identified candidate component class: file [/home/isa/kotlin-workspace/api-rest-kotlin/build/classes/kotlin/main/com/isagiongo/apirestkotlin/ApiRestKotlinApplication.class]
20:05:55.711 [Test worker] INFO org.springframework.boot.test.context.SpringBootTestContextBootstrapper - Found @SpringBootConfiguration com.isagiongo.apirestkotlin.ApiRestKotlinApplication for test class com.isagiongo.apirestkotlin.services.FuncionarioServiceTest
20:05:55.814 [Test worker] DEBUG org.springframework.boot.test.context.SpringBootTestContextBootstrapper - @TestExecutionListeners is not present for class [com.isagiongo.apirestkotlin.services.FuncionarioServiceTest]: using defaults.
20:05:55.815 [Test worker] INFO org.springframework.boot.test.context.SpringBootTestContextBootstrapper - Loaded default TestExecutionListener class names from location [META-INF/spring.factories]: [org.springframework.security.test.context.support.WithSecurityContextTestExecutionListener, org.springframework.security.test.context.support.ReactorContextTestExecutionListener, org.springframework.boot.test.autoconfigure.restdocs.RestDocsTestExecutionListener, org.springframework.boot.test.autoconfigure.web.client.MockRestServiceServerResetTestExecutionListener, org.springframework.boot.test.autoconfigure.web.servlet.MockMvcPrintOnlyOnFailureTestExecutionListener, org.springframework.boot.test.autoconfigure.web.servlet.WebDriverTestExecutionListener, org.springframework.boot.test.mock.mockito.MockitoTestExecutionListener, org.springframework.boot.test.mock.mockito.ResetMocksTestExecutionListener, org.springframework.test.context.web.ServletTestExecutionListener, org.springframework.test.context.support.DirtiesContextBeforeModesTestExecutionListener, org.springframework.test.context.support.DependencyInjectionTestExecutionListener, org.springframework.test.context.support.DirtiesContextTestExecutionListener, org.springframework.test.context.transaction.TransactionalTestExecutionListener, org.springframework.test.context.jdbc.SqlScriptsTestExecutionListener]
20:05:55.837 [Test worker] INFO org.springframework.boot.test.context.SpringBootTestContextBootstrapper - Using TestExecutionListeners: [org.springframework.test.context.web.ServletTestExecutionListener@519f281b, org.springframework.test.context.support.DirtiesContextBeforeModesTestExecutionListener@3da23601, org.springframework.boot.test.mock.mockito.MockitoTestExecutionListener@87c23a7, org.springframework.boot.test.autoconfigure.SpringBootDependencyInjectionTestExecutionListener@37fa58a, org.springframework.test.context.support.DirtiesContextTestExecutionListener@2b089a0e, org.springframework.test.context.transaction.TransactionalTestExecutionListener@7b6b350, org.springframework.test.context.jdbc.SqlScriptsTestExecutionListener@6e3ed91a, org.springframework.security.test.context.support.WithSecurityContextTestExecutionListener@101372a2, org.springframework.security.test.context.support.ReactorContextTestExecutionListener@7fa44244, org.springframework.boot.test.autoconfigure.restdocs.RestDocsTestExecutionListener@4dba52d3, org.springframework.boot.test.autoconfigure.web.client.MockRestServiceServerResetTestExecutionListener@55d4a477, org.springframework.boot.test.autoconfigure.web.servlet.MockMvcPrintOnlyOnFailureTestExecutionListener@5ed95a0d, org.springframework.boot.test.autoconfigure.web.servlet.WebDriverTestExecutionListener@33285f0, org.springframework.boot.test.mock.mockito.ResetMocksTestExecutionListener@1c81638f]
20:05:55.841 [Test worker] DEBUG org.springframework.test.annotation.ProfileValueUtils - Retrieved @ProfileValueSourceConfiguration [null] for test class [com.isagiongo.apirestkotlin.services.FuncionarioServiceTest]
20:05:55.841 [Test worker] DEBUG org.springframework.test.annotation.ProfileValueUtils - Retrieved ProfileValueSource type [class org.springframework.test.annotation.SystemProfileValueSource] for class [com.isagiongo.apirestkotlin.services.FuncionarioServiceTest]
20:05:55.846 [Test worker] DEBUG org.springframework.test.annotation.ProfileValueUtils - Retrieved @ProfileValueSourceConfiguration [null] for test class [com.isagiongo.apirestkotlin.services.FuncionarioServiceTest]
20:05:55.847 [Test worker] DEBUG org.springframework.test.annotation.ProfileValueUtils - Retrieved ProfileValueSource type [class org.springframework.test.annotation.SystemProfileValueSource] for class [com.isagiongo.apirestkotlin.services.FuncionarioServiceTest]
20:05:55.847 [Test worker] DEBUG org.springframework.test.annotation.ProfileValueUtils - Retrieved @ProfileValueSourceConfiguration [null] for test class [com.isagiongo.apirestkotlin.services.FuncionarioServiceTest]
20:05:55.848 [Test worker] DEBUG org.springframework.test.annotation.ProfileValueUtils - Retrieved ProfileValueSource type [class org.springframework.test.annotation.SystemProfileValueSource] for class [com.isagiongo.apirestkotlin.services.FuncionarioServiceTest]
20:05:55.852 [Test worker] DEBUG org.springframework.test.context.support.AbstractDirtiesContextTestExecutionListener - Before test class: context [DefaultTestContext@30e9852b testClass = FuncionarioServiceTest, testInstance = [null], testMethod = [null], testException = [null], mergedContextConfiguration = [WebMergedContextConfiguration@606e95a8 testClass = FuncionarioServiceTest, locations = '{}', classes = '{class com.isagiongo.apirestkotlin.ApiRestKotlinApplication}', contextInitializerClasses = '[]', activeProfiles = '{}', propertySourceLocations = '{}', propertySourceProperties = '{org.springframework.boot.test.context.SpringBootTestContextBootstrapper=true}', contextCustomizers = set[org.springframework.boot.test.autoconfigure.properties.PropertyMappingContextCustomizer@0, org.springframework.boot.test.autoconfigure.web.servlet.WebDriverContextCustomizerFactory$Customizer@14618c16, org.springframework.boot.test.context.filter.ExcludeFilterContextCustomizer@1c8f5131, org.springframework.boot.test.json.DuplicateJsonObjectContextCustomizerFactory$DuplicateJsonObjectContextCustomizer@35cfd3cf, org.springframework.boot.test.mock.mockito.MockitoContextCustomizer@518ec7bc, org.springframework.boot.test.web.client.TestRestTemplateContextCustomizer@19c70739], resourceBasePath = 'src/main/webapp', contextLoader = 'org.springframework.boot.test.context.SpringBootContextLoader', parent = [null]], attributes = map['org.springframework.test.context.web.ServletTestExecutionListener.activateListener' -> true]], class annotated with @DirtiesContext [false] with mode [null].
20:05:55.853 [Test worker] DEBUG org.springframework.test.annotation.ProfileValueUtils - Retrieved @ProfileValueSourceConfiguration [null] for test class [com.isagiongo.apirestkotlin.services.FuncionarioServiceTest]
20:05:55.853 [Test worker] DEBUG org.springframework.test.annotation.ProfileValueUtils - Retrieved ProfileValueSource type [class org.springframework.test.annotation.SystemProfileValueSource] for class [com.isagiongo.apirestkotlin.services.FuncionarioServiceTest]
20:05:55.887 [Test worker] DEBUG org.springframework.test.context.support.TestPropertySourceUtils - Adding inlined properties to environment: {spring.jmx.enabled=false, org.springframework.boot.test.context.SpringBootTestContextBootstrapper=true, server.port=-1}

  .   ____          _            __ _ _
 /\\ / ___'_ __ _ _(_)_ __  __ _ \ \ \ \
( ( )\___ | '_ | '_| | '_ \/ _` | \ \ \ \
 \\/  ___)| |_)| | | | | || (_| |  ) ) ) )
  '  |____| .__|_| |_|_| |_\__, | / / / /
 =========|_|==============|___/=/_/_/_/
 :: Spring Boot ::        (v2.1.5.RELEASE)

2019-05-25 20:05:56.220  INFO 9782 --- [    Test worker] c.i.a.services.FuncionarioServiceTest    : Starting FuncionarioServiceTest on isa-Lenovo-G50-80 with PID 9782 (started by isa in /home/isa/kotlin-workspace/api-rest-kotlin)
2019-05-25 20:05:56.223  INFO 9782 --- [    Test worker] c.i.a.services.FuncionarioServiceTest    : No active profile set, falling back to default profiles: default
2019-05-25 20:05:57.316  INFO 9782 --- [    Test worker] .s.d.r.c.RepositoryConfigurationDelegate : Bootstrapping Spring Data repositories in DEFAULT mode.
2019-05-25 20:05:57.524  INFO 9782 --- [    Test worker] .s.d.r.c.RepositoryConfigurationDelegate : Finished Spring Data repository scanning in 189ms. Found 3 repository interfaces.
2019-05-25 20:05:59.014  INFO 9782 --- [       Thread-6] o.s.b.a.mongo.embedded.EmbeddedMongo     : note: noprealloc may hurt performance in many applications
2019-05-25 20:05:59.018  INFO 9782 --- [       Thread-6] o.s.b.a.mongo.embedded.EmbeddedMongo     : 2019-05-25T20:05:59.017-0300 I CONTROL  [initandlisten] MongoDB starting : pid=9815 port=36929 dbpath=/tmp/embedmongo-db-e6c3f3fa-a8c0-49ad-9494-5b0359aa7683 64-bit host=isa-Lenovo-G50-80
2019-05-25 20:05:59.018  INFO 9782 --- [       Thread-6] o.s.b.a.mongo.embedded.EmbeddedMongo     : 2019-05-25T20:05:59.017-0300 I CONTROL  [initandlisten] db version v3.5.5
2019-05-25 20:05:59.020  INFO 9782 --- [       Thread-6] o.s.b.a.mongo.embedded.EmbeddedMongo     : 2019-05-25T20:05:59.017-0300 I CONTROL  [initandlisten] git version: 98515c812b6fa893613f063dae568ff8319cbfbd
2019-05-25 20:05:59.020  INFO 9782 --- [       Thread-6] o.s.b.a.mongo.embedded.EmbeddedMongo     : 2019-05-25T20:05:59.017-0300 I CONTROL  [initandlisten] allocator: tcmalloc
2019-05-25 20:05:59.021  INFO 9782 --- [       Thread-6] o.s.b.a.mongo.embedded.EmbeddedMongo     : 2019-05-25T20:05:59.017-0300 I CONTROL  [initandlisten] modules: none
2019-05-25 20:05:59.022  INFO 9782 --- [       Thread-6] o.s.b.a.mongo.embedded.EmbeddedMongo     : 2019-05-25T20:05:59.017-0300 I CONTROL  [initandlisten] build environment:
2019-05-25 20:05:59.022  INFO 9782 --- [       Thread-6] o.s.b.a.mongo.embedded.EmbeddedMongo     : 2019-05-25T20:05:59.017-0300 I CONTROL  [initandlisten]     distarch: x86_64
2019-05-25 20:05:59.023  INFO 9782 --- [       Thread-6] o.s.b.a.mongo.embedded.EmbeddedMongo     : 2019-05-25T20:05:59.017-0300 I CONTROL  [initandlisten]     target_arch: x86_64
2019-05-25 20:05:59.023  INFO 9782 --- [       Thread-6] o.s.b.a.mongo.embedded.EmbeddedMongo     : 2019-05-25T20:05:59.017-0300 I CONTROL  [initandlisten] options: { net: { bindIp: "127.0.0.1", http: { enabled: false }, port: 36929 }, security: { authorization: "disabled" }, storage: { dbPath: "/tmp/embedmongo-db-e6c3f3fa-a8c0-49ad-9494-5b0359aa7683", journal: { enabled: false }, mmapv1: { preallocDataFiles: false, smallFiles: true }, syncPeriodSecs: 0.0 } }
2019-05-25 20:05:59.025  INFO 9782 --- [       Thread-6] o.s.b.a.mongo.embedded.EmbeddedMongo     : 2019-05-25T20:05:59.025-0300 I STORAGE  [initandlisten] 
2019-05-25 20:05:59.026  INFO 9782 --- [       Thread-6] o.s.b.a.mongo.embedded.EmbeddedMongo     : 2019-05-25T20:05:59.025-0300 I STORAGE  [initandlisten] ** WARNING: Using the XFS filesystem is strongly recommended with the WiredTiger storage engine
2019-05-25 20:05:59.027  INFO 9782 --- [       Thread-6] o.s.b.a.mongo.embedded.EmbeddedMongo     : 2019-05-25T20:05:59.025-0300 I STORAGE  [initandlisten] **          See http://dochub.mongodb.org/core/prodnotes-filesystem
2019-05-25 20:05:59.027  INFO 9782 --- [       Thread-6] o.s.b.a.mongo.embedded.EmbeddedMongo     : 2019-05-25T20:05:59.025-0300 I STORAGE  [initandlisten] wiredtiger_open config: create,cache_size=3433M,session_max=20000,eviction=(threads_min=4,threads_max=4),config_base=false,statistics=(fast),log=(enabled=true,archive=true,path=journal,compressor=snappy),file_manager=(close_idle_time=100000),checkpoint=(wait=0,log_size=2GB),statistics_log=(wait=0),verbose=(recovery_progress),,log=(enabled=false),
2019-05-25 20:05:59.069  INFO 9782 --- [       Thread-6] o.s.b.a.mongo.embedded.EmbeddedMongo     : 2019-05-25T20:05:59.069-0300 W STORAGE  [initandlisten] Detected configuration for non-active storage engine mmapv1 when current storage engine is wiredTiger
2019-05-25 20:05:59.069  INFO 9782 --- [       Thread-6] o.s.b.a.mongo.embedded.EmbeddedMongo     : 2019-05-25T20:05:59.069-0300 I CONTROL  [initandlisten] 
2019-05-25 20:05:59.070  INFO 9782 --- [       Thread-6] o.s.b.a.mongo.embedded.EmbeddedMongo     : 2019-05-25T20:05:59.069-0300 I CONTROL  [initandlisten] ** NOTE: This is a development version (3.5.5) of MongoDB.
2019-05-25 20:05:59.070  INFO 9782 --- [       Thread-6] o.s.b.a.mongo.embedded.EmbeddedMongo     : 2019-05-25T20:05:59.069-0300 I CONTROL  [initandlisten] **       Not recommended for production.
2019-05-25 20:05:59.070  INFO 9782 --- [       Thread-6] o.s.b.a.mongo.embedded.EmbeddedMongo     : 2019-05-25T20:05:59.069-0300 I CONTROL  [initandlisten] 
2019-05-25 20:05:59.070  INFO 9782 --- [       Thread-6] o.s.b.a.mongo.embedded.EmbeddedMongo     : 2019-05-25T20:05:59.069-0300 I CONTROL  [initandlisten] 
2019-05-25 20:05:59.071  INFO 9782 --- [       Thread-6] o.s.b.a.mongo.embedded.EmbeddedMongo     : 2019-05-25T20:05:59.069-0300 I CONTROL  [initandlisten] ** WARNING: soft rlimits too low. rlimits set to 31201 processes, 1048576 files. Number of processes should be at least 524288 : 0.5 times number of files.
2019-05-25 20:05:59.082  INFO 9782 --- [       Thread-6] o.s.b.a.mongo.embedded.EmbeddedMongo     : 2019-05-25T20:05:59.082-0300 I FTDC     [initandlisten] Initializing full-time diagnostic data capture with directory '/tmp/embedmongo-db-e6c3f3fa-a8c0-49ad-9494-5b0359aa7683/diagnostic.data'
2019-05-25 20:05:59.099  INFO 9782 --- [       Thread-6] o.s.b.a.mongo.embedded.EmbeddedMongo     : 2019-05-25T20:05:59.098-0300 I INDEX    [initandlisten] build index on: admin.system.version properties: { v: 2, key: { version: 1 }, name: "incompatible_with_version_32", ns: "admin.system.version" }
2019-05-25 20:05:59.099  INFO 9782 --- [       Thread-6] o.s.b.a.mongo.embedded.EmbeddedMongo     : 2019-05-25T20:05:59.098-0300 I INDEX    [initandlisten] 	 building index using bulk method; build may temporarily use up to 500 megabytes of RAM
2019-05-25 20:05:59.100  INFO 9782 --- [       Thread-6] o.s.b.a.mongo.embedded.EmbeddedMongo     : 2019-05-25T20:05:59.099-0300 I INDEX    [initandlisten] build index done.  scanned 0 total records. 0 secs
2019-05-25 20:05:59.100  INFO 9782 --- [       Thread-6] o.s.b.a.mongo.embedded.EmbeddedMongo     : 2019-05-25T20:05:59.100-0300 I COMMAND  [initandlisten] setting featureCompatibilityVersion to 3.4
2019-05-25 20:05:59.101  INFO 9782 --- [       Thread-6] o.s.b.a.mongo.embedded.EmbeddedMongo     : 2019-05-25T20:05:59.101-0300 I NETWORK  [thread1] waiting for connections on port 36929
2019-05-25 20:05:59.104  INFO 9782 --- [    Test worker] d.f.embed.mongo.MongodExecutable         : start de.flapdoodle.embed.mongo.config.MongodConfigBuilder$ImmutableMongodConfig@22f3d7d3
2019-05-25 20:05:59.423  INFO 9782 --- [    Test worker] org.mongodb.driver.cluster               : Cluster created with settings {hosts=[localhost:36929], mode=MULTIPLE, requiredClusterType=UNKNOWN, serverSelectionTimeout='30000 ms', maxWaitQueueSize=500}
2019-05-25 20:05:59.424  INFO 9782 --- [    Test worker] org.mongodb.driver.cluster               : Adding discovered server localhost:36929 to client view of cluster
2019-05-25 20:05:59.461  INFO 9782 --- [       Thread-6] o.s.b.a.mongo.embedded.EmbeddedMongo     : 2019-05-25T20:05:59.461-0300 I NETWORK  [thread1] connection accepted from 127.0.0.1:53818 #1 (1 connection now open)
2019-05-25 20:05:59.481  INFO 9782 --- [       Thread-6] o.s.b.a.mongo.embedded.EmbeddedMongo     : 2019-05-25T20:05:59.480-0300 I NETWORK  [conn1] received client metadata from 127.0.0.1:53818 conn1: { driver: { name: "mongo-java-driver", version: "3.8.2" }, os: { type: "Linux", name: "Linux", architecture: "amd64", version: "4.15.0-50-generic" }, platform: "Java/Oracle Corporation/1.8.0_201-b09" }
2019-05-25 20:05:59.509  INFO 9782 --- [localhost:36929] org.mongodb.driver.connection            : Opened connection [connectionId{localValue:1, serverValue:1}] to localhost:36929
2019-05-25 20:05:59.514  INFO 9782 --- [localhost:36929] org.mongodb.driver.cluster               : Monitor thread successfully connected to server with description ServerDescription{address=localhost:36929, type=STANDALONE, state=CONNECTED, ok=true, version=ServerVersion{versionList=[3, 5, 5]}, minWireVersion=0, maxWireVersion=5, maxDocumentSize=16777216, logicalSessionTimeoutMinutes=null, roundTripTimeNanos=1591894}
2019-05-25 20:05:59.516  INFO 9782 --- [localhost:36929] org.mongodb.driver.cluster               : Discovered cluster type of STANDALONE
2019-05-25 20:06:01.145  INFO 9782 --- [    Test worker] o.s.s.concurrent.ThreadPoolTaskExecutor  : Initializing ExecutorService 'applicationTaskExecutor'
2019-05-25 20:06:01.702  INFO 9782 --- [    Test worker] .s.s.UserDetailsServiceAutoConfiguration : 

Using generated security password: 7c69e170-1bce-4a2b-b9c7-85fedb6f8a0d

2019-05-25 20:06:01.956  INFO 9782 --- [    Test worker] o.s.s.web.DefaultSecurityFilterChain     : Creating filter chain: any request, [org.springframework.security.web.context.request.async.WebAsyncManagerIntegrationFilter@203007ed, org.springframework.security.web.context.SecurityContextPersistenceFilter@58042155, org.springframework.security.web.header.HeaderWriterFilter@620117f9, org.springframework.security.web.csrf.CsrfFilter@55163782, org.springframework.security.web.authentication.logout.LogoutFilter@3ed1c245, org.springframework.security.web.authentication.UsernamePasswordAuthenticationFilter@3c35168b, org.springframework.security.web.authentication.ui.DefaultLoginPageGeneratingFilter@7a32c4b7, org.springframework.security.web.authentication.ui.DefaultLogoutPageGeneratingFilter@568971b7, org.springframework.security.web.authentication.www.BasicAuthenticationFilter@72c8afbb, org.springframework.security.web.savedrequest.RequestCacheAwareFilter@7c689db0, org.springframework.security.web.servletapi.SecurityContextHolderAwareRequestFilter@34b72f25, org.springframework.security.web.authentication.AnonymousAuthenticationFilter@207dd7d5, org.springframework.security.web.session.SessionManagementFilter@53c537ec, org.springframework.security.web.access.ExceptionTranslationFilter@651532fb, org.springframework.security.web.access.intercept.FilterSecurityInterceptor@126036fe]
2019-05-25 20:06:02.120  INFO 9782 --- [    Test worker] c.i.a.services.FuncionarioServiceTest    : Started FuncionarioServiceTest in 6.224 seconds (JVM running for 7.327)
]]></system-out>
  <system-err><![CDATA[]]></system-err>
</testsuite>
