<?xml version="1.0" encoding="UTF-8"?>
<testsuite name="com.isagiongo.apirestkotlin.services.EmpresaServiceTest" tests="2" skipped="0" failures="0" errors="0" timestamp="2019-05-25T21:30:55" hostname="isa-Lenovo-G50-80" time="0.042">
  <properties/>
  <testcase name="devePersistirEmpresa" classname="com.isagiongo.apirestkotlin.services.EmpresaServiceTest" time="0.036"/>
  <testcase name="deveBuscarEmpresaPorCnpj" classname="com.isagiongo.apirestkotlin.services.EmpresaServiceTest" time="0.005"/>
  <system-out><![CDATA[18:30:48.893 [Test worker] DEBUG org.springframework.test.context.junit4.SpringJUnit4ClassRunner - SpringJUnit4ClassRunner constructor called with [class com.isagiongo.apirestkotlin.services.EmpresaServiceTest]
18:30:48.904 [Test worker] DEBUG org.springframework.test.context.BootstrapUtils - Instantiating CacheAwareContextLoaderDelegate from class [org.springframework.test.context.cache.DefaultCacheAwareContextLoaderDelegate]
18:30:48.913 [Test worker] DEBUG org.springframework.test.context.BootstrapUtils - Instantiating BootstrapContext using constructor [public org.springframework.test.context.support.DefaultBootstrapContext(java.lang.Class,org.springframework.test.context.CacheAwareContextLoaderDelegate)]
18:30:48.945 [Test worker] DEBUG org.springframework.test.context.BootstrapUtils - Instantiating TestContextBootstrapper for test class [com.isagiongo.apirestkotlin.services.EmpresaServiceTest] from class [org.springframework.boot.test.context.SpringBootTestContextBootstrapper]
18:30:48.963 [Test worker] INFO org.springframework.boot.test.context.SpringBootTestContextBootstrapper - Neither @ContextConfiguration nor @ContextHierarchy found for test class [com.isagiongo.apirestkotlin.services.EmpresaServiceTest], using SpringBootContextLoader
18:30:48.968 [Test worker] DEBUG org.springframework.test.context.support.AbstractContextLoader - Did not detect default resource location for test class [com.isagiongo.apirestkotlin.services.EmpresaServiceTest]: class path resource [com/isagiongo/apirestkotlin/services/EmpresaServiceTest-context.xml] does not exist
18:30:48.969 [Test worker] DEBUG org.springframework.test.context.support.AbstractContextLoader - Did not detect default resource location for test class [com.isagiongo.apirestkotlin.services.EmpresaServiceTest]: class path resource [com/isagiongo/apirestkotlin/services/EmpresaServiceTestContext.groovy] does not exist
18:30:48.970 [Test worker] INFO org.springframework.test.context.support.AbstractContextLoader - Could not detect default resource locations for test class [com.isagiongo.apirestkotlin.services.EmpresaServiceTest]: no resource found for suffixes {-context.xml, Context.groovy}.
18:30:48.972 [Test worker] INFO org.springframework.test.context.support.AnnotationConfigContextLoaderUtils - Could not detect default configuration classes for test class [com.isagiongo.apirestkotlin.services.EmpresaServiceTest]: EmpresaServiceTest does not declare any static, non-private, non-final, nested classes annotated with @Configuration.
18:30:49.039 [Test worker] DEBUG org.springframework.test.context.support.ActiveProfilesUtils - Could not find an 'annotation declaring class' for annotation type [org.springframework.test.context.ActiveProfiles] and class [com.isagiongo.apirestkotlin.services.EmpresaServiceTest]
18:30:49.126 [Test worker] DEBUG org.springframework.context.annotation.ClassPathScanningCandidateComponentProvider - Identified candidate component class: file [/home/isa/kotlin-workspace/api-rest-kotlin/build/classes/kotlin/main/com/isagiongo/apirestkotlin/ApiRestKotlinApplication.class]
18:30:49.130 [Test worker] INFO org.springframework.boot.test.context.SpringBootTestContextBootstrapper - Found @SpringBootConfiguration com.isagiongo.apirestkotlin.ApiRestKotlinApplication for test class com.isagiongo.apirestkotlin.services.EmpresaServiceTest
18:30:49.233 [Test worker] DEBUG org.springframework.boot.test.context.SpringBootTestContextBootstrapper - @TestExecutionListeners is not present for class [com.isagiongo.apirestkotlin.services.EmpresaServiceTest]: using defaults.
18:30:49.234 [Test worker] INFO org.springframework.boot.test.context.SpringBootTestContextBootstrapper - Loaded default TestExecutionListener class names from location [META-INF/spring.factories]: [org.springframework.security.test.context.support.WithSecurityContextTestExecutionListener, org.springframework.security.test.context.support.ReactorContextTestExecutionListener, org.springframework.boot.test.autoconfigure.restdocs.RestDocsTestExecutionListener, org.springframework.boot.test.autoconfigure.web.client.MockRestServiceServerResetTestExecutionListener, org.springframework.boot.test.autoconfigure.web.servlet.MockMvcPrintOnlyOnFailureTestExecutionListener, org.springframework.boot.test.autoconfigure.web.servlet.WebDriverTestExecutionListener, org.springframework.boot.test.mock.mockito.MockitoTestExecutionListener, org.springframework.boot.test.mock.mockito.ResetMocksTestExecutionListener, org.springframework.test.context.web.ServletTestExecutionListener, org.springframework.test.context.support.DirtiesContextBeforeModesTestExecutionListener, org.springframework.test.context.support.DependencyInjectionTestExecutionListener, org.springframework.test.context.support.DirtiesContextTestExecutionListener, org.springframework.test.context.transaction.TransactionalTestExecutionListener, org.springframework.test.context.jdbc.SqlScriptsTestExecutionListener]
18:30:49.257 [Test worker] INFO org.springframework.boot.test.context.SpringBootTestContextBootstrapper - Using TestExecutionListeners: [org.springframework.test.context.web.ServletTestExecutionListener@1f300412, org.springframework.test.context.support.DirtiesContextBeforeModesTestExecutionListener@6b2ac793, org.springframework.boot.test.mock.mockito.MockitoTestExecutionListener@915bd1a, org.springframework.boot.test.autoconfigure.SpringBootDependencyInjectionTestExecutionListener@4750c3c4, org.springframework.test.context.support.DirtiesContextTestExecutionListener@585f5fa8, org.springframework.test.context.transaction.TransactionalTestExecutionListener@65740d6f, org.springframework.test.context.jdbc.SqlScriptsTestExecutionListener@41ad81b6, org.springframework.security.test.context.support.WithSecurityContextTestExecutionListener@a234a4, org.springframework.security.test.context.support.ReactorContextTestExecutionListener@22229907, org.springframework.boot.test.autoconfigure.restdocs.RestDocsTestExecutionListener@6778e759, org.springframework.boot.test.autoconfigure.web.client.MockRestServiceServerResetTestExecutionListener@4a756a31, org.springframework.boot.test.autoconfigure.web.servlet.MockMvcPrintOnlyOnFailureTestExecutionListener@5be370cf, org.springframework.boot.test.autoconfigure.web.servlet.WebDriverTestExecutionListener@6dbf2015, org.springframework.boot.test.mock.mockito.ResetMocksTestExecutionListener@4ddd40d4]
18:30:49.263 [Test worker] DEBUG org.springframework.test.annotation.ProfileValueUtils - Retrieved @ProfileValueSourceConfiguration [null] for test class [com.isagiongo.apirestkotlin.services.EmpresaServiceTest]
18:30:49.263 [Test worker] DEBUG org.springframework.test.annotation.ProfileValueUtils - Retrieved ProfileValueSource type [class org.springframework.test.annotation.SystemProfileValueSource] for class [com.isagiongo.apirestkotlin.services.EmpresaServiceTest]
18:30:49.267 [Test worker] DEBUG org.springframework.test.annotation.ProfileValueUtils - Retrieved @ProfileValueSourceConfiguration [null] for test class [com.isagiongo.apirestkotlin.services.EmpresaServiceTest]
18:30:49.267 [Test worker] DEBUG org.springframework.test.annotation.ProfileValueUtils - Retrieved ProfileValueSource type [class org.springframework.test.annotation.SystemProfileValueSource] for class [com.isagiongo.apirestkotlin.services.EmpresaServiceTest]
18:30:49.268 [Test worker] DEBUG org.springframework.test.annotation.ProfileValueUtils - Retrieved @ProfileValueSourceConfiguration [null] for test class [com.isagiongo.apirestkotlin.services.EmpresaServiceTest]
18:30:49.268 [Test worker] DEBUG org.springframework.test.annotation.ProfileValueUtils - Retrieved ProfileValueSource type [class org.springframework.test.annotation.SystemProfileValueSource] for class [com.isagiongo.apirestkotlin.services.EmpresaServiceTest]
18:30:49.273 [Test worker] DEBUG org.springframework.test.context.support.AbstractDirtiesContextTestExecutionListener - Before test class: context [DefaultTestContext@7b10feec testClass = EmpresaServiceTest, testInstance = [null], testMethod = [null], testException = [null], mergedContextConfiguration = [WebMergedContextConfiguration@682f95d0 testClass = EmpresaServiceTest, locations = '{}', classes = '{class com.isagiongo.apirestkotlin.ApiRestKotlinApplication}', contextInitializerClasses = '[]', activeProfiles = '{}', propertySourceLocations = '{}', propertySourceProperties = '{org.springframework.boot.test.context.SpringBootTestContextBootstrapper=true}', contextCustomizers = set[org.springframework.boot.test.autoconfigure.properties.PropertyMappingContextCustomizer@0, org.springframework.boot.test.autoconfigure.web.servlet.WebDriverContextCustomizerFactory$Customizer@340f5058, org.springframework.boot.test.context.filter.ExcludeFilterContextCustomizer@15f3d6a4, org.springframework.boot.test.json.DuplicateJsonObjectContextCustomizerFactory$DuplicateJsonObjectContextCustomizer@35fead61, org.springframework.boot.test.mock.mockito.MockitoContextCustomizer@9d156043, org.springframework.boot.test.web.client.TestRestTemplateContextCustomizer@2b5587b8], resourceBasePath = 'src/main/webapp', contextLoader = 'org.springframework.boot.test.context.SpringBootContextLoader', parent = [null]], attributes = map['org.springframework.test.context.web.ServletTestExecutionListener.activateListener' -> true]], class annotated with @DirtiesContext [false] with mode [null].
18:30:49.274 [Test worker] DEBUG org.springframework.test.annotation.ProfileValueUtils - Retrieved @ProfileValueSourceConfiguration [null] for test class [com.isagiongo.apirestkotlin.services.EmpresaServiceTest]
18:30:49.275 [Test worker] DEBUG org.springframework.test.annotation.ProfileValueUtils - Retrieved ProfileValueSource type [class org.springframework.test.annotation.SystemProfileValueSource] for class [com.isagiongo.apirestkotlin.services.EmpresaServiceTest]
18:30:49.314 [Test worker] DEBUG org.springframework.test.context.support.TestPropertySourceUtils - Adding inlined properties to environment: {spring.jmx.enabled=false, org.springframework.boot.test.context.SpringBootTestContextBootstrapper=true, server.port=-1}

  .   ____          _            __ _ _
 /\\ / ___'_ __ _ _(_)_ __  __ _ \ \ \ \
( ( )\___ | '_ | '_| | '_ \/ _` | \ \ \ \
 \\/  ___)| |_)| | | | | || (_| |  ) ) ) )
  '  |____| .__|_| |_|_| |_\__, | / / / /
 =========|_|==============|___/=/_/_/_/
 :: Spring Boot ::        (v2.1.5.RELEASE)

2019-05-25 18:30:49.675  INFO 5396 --- [    Test worker] c.i.a.services.EmpresaServiceTest        : Starting EmpresaServiceTest on isa-Lenovo-G50-80 with PID 5396 (started by isa in /home/isa/kotlin-workspace/api-rest-kotlin)
2019-05-25 18:30:49.678  INFO 5396 --- [    Test worker] c.i.a.services.EmpresaServiceTest        : No active profile set, falling back to default profiles: default
2019-05-25 18:30:50.653  INFO 5396 --- [    Test worker] .s.d.r.c.RepositoryConfigurationDelegate : Bootstrapping Spring Data repositories in DEFAULT mode.
2019-05-25 18:30:50.782  INFO 5396 --- [    Test worker] .s.d.r.c.RepositoryConfigurationDelegate : Finished Spring Data repository scanning in 118ms. Found 3 repository interfaces.
2019-05-25 18:30:53.090  INFO 5396 --- [       Thread-6] o.s.b.a.mongo.embedded.EmbeddedMongo     : note: noprealloc may hurt performance in many applications
2019-05-25 18:30:53.094  INFO 5396 --- [       Thread-6] o.s.b.a.mongo.embedded.EmbeddedMongo     : 2019-05-25T18:30:53.094-0300 I CONTROL  [initandlisten] MongoDB starting : pid=5427 port=39405 dbpath=/tmp/embedmongo-db-bb020b36-20bd-499d-a1ec-5699dc70f8c4 64-bit host=isa-Lenovo-G50-80
2019-05-25 18:30:53.095  INFO 5396 --- [       Thread-6] o.s.b.a.mongo.embedded.EmbeddedMongo     : 2019-05-25T18:30:53.094-0300 I CONTROL  [initandlisten] db version v3.5.5
2019-05-25 18:30:53.095  INFO 5396 --- [       Thread-6] o.s.b.a.mongo.embedded.EmbeddedMongo     : 2019-05-25T18:30:53.094-0300 I CONTROL  [initandlisten] git version: 98515c812b6fa893613f063dae568ff8319cbfbd
2019-05-25 18:30:53.095  INFO 5396 --- [       Thread-6] o.s.b.a.mongo.embedded.EmbeddedMongo     : 2019-05-25T18:30:53.094-0300 I CONTROL  [initandlisten] allocator: tcmalloc
2019-05-25 18:30:53.096  INFO 5396 --- [       Thread-6] o.s.b.a.mongo.embedded.EmbeddedMongo     : 2019-05-25T18:30:53.094-0300 I CONTROL  [initandlisten] modules: none
2019-05-25 18:30:53.096  INFO 5396 --- [       Thread-6] o.s.b.a.mongo.embedded.EmbeddedMongo     : 2019-05-25T18:30:53.094-0300 I CONTROL  [initandlisten] build environment:
2019-05-25 18:30:53.097  INFO 5396 --- [       Thread-6] o.s.b.a.mongo.embedded.EmbeddedMongo     : 2019-05-25T18:30:53.094-0300 I CONTROL  [initandlisten]     distarch: x86_64
2019-05-25 18:30:53.097  INFO 5396 --- [       Thread-6] o.s.b.a.mongo.embedded.EmbeddedMongo     : 2019-05-25T18:30:53.094-0300 I CONTROL  [initandlisten]     target_arch: x86_64
2019-05-25 18:30:53.097  INFO 5396 --- [       Thread-6] o.s.b.a.mongo.embedded.EmbeddedMongo     : 2019-05-25T18:30:53.094-0300 I CONTROL  [initandlisten] options: { net: { bindIp: "127.0.0.1", http: { enabled: false }, port: 39405 }, security: { authorization: "disabled" }, storage: { dbPath: "/tmp/embedmongo-db-bb020b36-20bd-499d-a1ec-5699dc70f8c4", journal: { enabled: false }, mmapv1: { preallocDataFiles: false, smallFiles: true }, syncPeriodSecs: 0.0 } }
2019-05-25 18:30:53.102  INFO 5396 --- [       Thread-6] o.s.b.a.mongo.embedded.EmbeddedMongo     : 2019-05-25T18:30:53.102-0300 I STORAGE  [initandlisten] 
2019-05-25 18:30:53.103  INFO 5396 --- [       Thread-6] o.s.b.a.mongo.embedded.EmbeddedMongo     : 2019-05-25T18:30:53.103-0300 I STORAGE  [initandlisten] ** WARNING: Using the XFS filesystem is strongly recommended with the WiredTiger storage engine
2019-05-25 18:30:53.104  INFO 5396 --- [       Thread-6] o.s.b.a.mongo.embedded.EmbeddedMongo     : 2019-05-25T18:30:53.104-0300 I STORAGE  [initandlisten] **          See http://dochub.mongodb.org/core/prodnotes-filesystem
2019-05-25 18:30:53.104  INFO 5396 --- [       Thread-6] o.s.b.a.mongo.embedded.EmbeddedMongo     : 2019-05-25T18:30:53.104-0300 I STORAGE  [initandlisten] wiredtiger_open config: create,cache_size=3433M,session_max=20000,eviction=(threads_min=4,threads_max=4),config_base=false,statistics=(fast),log=(enabled=true,archive=true,path=journal,compressor=snappy),file_manager=(close_idle_time=100000),checkpoint=(wait=0,log_size=2GB),statistics_log=(wait=0),verbose=(recovery_progress),,log=(enabled=false),
2019-05-25 18:30:53.143  INFO 5396 --- [       Thread-6] o.s.b.a.mongo.embedded.EmbeddedMongo     : 2019-05-25T18:30:53.143-0300 W STORAGE  [initandlisten] Detected configuration for non-active storage engine mmapv1 when current storage engine is wiredTiger
2019-05-25 18:30:53.144  INFO 5396 --- [       Thread-6] o.s.b.a.mongo.embedded.EmbeddedMongo     : 2019-05-25T18:30:53.143-0300 I CONTROL  [initandlisten] 
2019-05-25 18:30:53.144  INFO 5396 --- [       Thread-6] o.s.b.a.mongo.embedded.EmbeddedMongo     : 2019-05-25T18:30:53.143-0300 I CONTROL  [initandlisten] ** NOTE: This is a development version (3.5.5) of MongoDB.
2019-05-25 18:30:53.144  INFO 5396 --- [       Thread-6] o.s.b.a.mongo.embedded.EmbeddedMongo     : 2019-05-25T18:30:53.143-0300 I CONTROL  [initandlisten] **       Not recommended for production.
2019-05-25 18:30:53.145  INFO 5396 --- [       Thread-6] o.s.b.a.mongo.embedded.EmbeddedMongo     : 2019-05-25T18:30:53.143-0300 I CONTROL  [initandlisten] 
2019-05-25 18:30:53.146  INFO 5396 --- [       Thread-6] o.s.b.a.mongo.embedded.EmbeddedMongo     : 2019-05-25T18:30:53.143-0300 I CONTROL  [initandlisten] 
2019-05-25 18:30:53.146  INFO 5396 --- [       Thread-6] o.s.b.a.mongo.embedded.EmbeddedMongo     : 2019-05-25T18:30:53.143-0300 I CONTROL  [initandlisten] ** WARNING: soft rlimits too low. rlimits set to 31201 processes, 1048576 files. Number of processes should be at least 524288 : 0.5 times number of files.
2019-05-25 18:30:53.159  INFO 5396 --- [       Thread-6] o.s.b.a.mongo.embedded.EmbeddedMongo     : 2019-05-25T18:30:53.159-0300 I FTDC     [initandlisten] Initializing full-time diagnostic data capture with directory '/tmp/embedmongo-db-bb020b36-20bd-499d-a1ec-5699dc70f8c4/diagnostic.data'
2019-05-25 18:30:53.193  INFO 5396 --- [       Thread-6] o.s.b.a.mongo.embedded.EmbeddedMongo     : 2019-05-25T18:30:53.193-0300 I INDEX    [initandlisten] build index on: admin.system.version properties: { v: 2, key: { version: 1 }, name: "incompatible_with_version_32", ns: "admin.system.version" }
2019-05-25 18:30:53.195  INFO 5396 --- [       Thread-6] o.s.b.a.mongo.embedded.EmbeddedMongo     : 2019-05-25T18:30:53.193-0300 I INDEX    [initandlisten] 	 building index using bulk method; build may temporarily use up to 500 megabytes of RAM
2019-05-25 18:30:53.195  INFO 5396 --- [       Thread-6] o.s.b.a.mongo.embedded.EmbeddedMongo     : 2019-05-25T18:30:53.194-0300 I INDEX    [initandlisten] build index done.  scanned 0 total records. 0 secs
2019-05-25 18:30:53.196  INFO 5396 --- [       Thread-6] o.s.b.a.mongo.embedded.EmbeddedMongo     : 2019-05-25T18:30:53.195-0300 I COMMAND  [initandlisten] setting featureCompatibilityVersion to 3.4
2019-05-25 18:30:53.199  INFO 5396 --- [       Thread-6] o.s.b.a.mongo.embedded.EmbeddedMongo     : 2019-05-25T18:30:53.199-0300 I NETWORK  [thread1] waiting for connections on port 39405
2019-05-25 18:30:53.200  INFO 5396 --- [    Test worker] d.f.embed.mongo.MongodExecutable         : start de.flapdoodle.embed.mongo.config.MongodConfigBuilder$ImmutableMongodConfig@5d1c0bce
2019-05-25 18:30:53.546  INFO 5396 --- [    Test worker] org.mongodb.driver.cluster               : Cluster created with settings {hosts=[localhost:39405], mode=MULTIPLE, requiredClusterType=UNKNOWN, serverSelectionTimeout='30000 ms', maxWaitQueueSize=500}
2019-05-25 18:30:53.546  INFO 5396 --- [    Test worker] org.mongodb.driver.cluster               : Adding discovered server localhost:39405 to client view of cluster
2019-05-25 18:30:53.607  INFO 5396 --- [       Thread-6] o.s.b.a.mongo.embedded.EmbeddedMongo     : 2019-05-25T18:30:53.607-0300 I NETWORK  [thread1] connection accepted from 127.0.0.1:35728 #1 (1 connection now open)
2019-05-25 18:30:53.623  INFO 5396 --- [       Thread-6] o.s.b.a.mongo.embedded.EmbeddedMongo     : 2019-05-25T18:30:53.623-0300 I NETWORK  [conn1] received client metadata from 127.0.0.1:35728 conn1: { driver: { name: "mongo-java-driver", version: "3.8.2" }, os: { type: "Linux", name: "Linux", architecture: "amd64", version: "4.15.0-50-generic" }, platform: "Java/Oracle Corporation/1.8.0_201-b09" }
2019-05-25 18:30:53.648  INFO 5396 --- [localhost:39405] org.mongodb.driver.connection            : Opened connection [connectionId{localValue:1, serverValue:1}] to localhost:39405
2019-05-25 18:30:53.652  INFO 5396 --- [localhost:39405] org.mongodb.driver.cluster               : Monitor thread successfully connected to server with description ServerDescription{address=localhost:39405, type=STANDALONE, state=CONNECTED, ok=true, version=ServerVersion{versionList=[3, 5, 5]}, minWireVersion=0, maxWireVersion=5, maxDocumentSize=16777216, logicalSessionTimeoutMinutes=null, roundTripTimeNanos=1546250}
2019-05-25 18:30:53.654  INFO 5396 --- [localhost:39405] org.mongodb.driver.cluster               : Discovered cluster type of STANDALONE
2019-05-25 18:30:54.476  INFO 5396 --- [    Test worker] o.s.s.concurrent.ThreadPoolTaskExecutor  : Initializing ExecutorService 'applicationTaskExecutor'
2019-05-25 18:30:54.912  INFO 5396 --- [    Test worker] .s.s.UserDetailsServiceAutoConfiguration : 

Using generated security password: 9aeb8b8b-1891-43d4-a70d-2651290282a6

2019-05-25 18:30:55.164  INFO 5396 --- [    Test worker] o.s.s.web.DefaultSecurityFilterChain     : Creating filter chain: any request, [org.springframework.security.web.context.request.async.WebAsyncManagerIntegrationFilter@2f2a5940, org.springframework.security.web.context.SecurityContextPersistenceFilter@3d7e7d11, org.springframework.security.web.header.HeaderWriterFilter@7341e90f, org.springframework.security.web.csrf.CsrfFilter@2fea98c1, org.springframework.security.web.authentication.logout.LogoutFilter@6aa4ca9e, org.springframework.security.web.authentication.UsernamePasswordAuthenticationFilter@28f1946, org.springframework.security.web.authentication.ui.DefaultLoginPageGeneratingFilter@24022f52, org.springframework.security.web.authentication.ui.DefaultLogoutPageGeneratingFilter@27910081, org.springframework.security.web.authentication.www.BasicAuthenticationFilter@1efbdd1e, org.springframework.security.web.savedrequest.RequestCacheAwareFilter@5ae7c579, org.springframework.security.web.servletapi.SecurityContextHolderAwareRequestFilter@18d1aed0, org.springframework.security.web.authentication.AnonymousAuthenticationFilter@13f3c568, org.springframework.security.web.session.SessionManagementFilter@115aa862, org.springframework.security.web.access.ExceptionTranslationFilter@4c0faab, org.springframework.security.web.access.intercept.FilterSecurityInterceptor@40413832]
2019-05-25 18:30:55.321  INFO 5396 --- [    Test worker] c.i.a.services.EmpresaServiceTest        : Started EmpresaServiceTest in 5.996 seconds (JVM running for 7.181)
]]></system-out>
  <system-err><![CDATA[]]></system-err>
</testsuite>
